1525397639211	geckodriver	INFO	geckodriver 0.20.1
1525397639244	geckodriver	INFO	Listening on 127.0.0.1:5716
1525397641234	mozrunner::runner	INFO	Running command: "D:\\firefox\\firefox.exe" "-marionette" "-profile" "C:\\Users\\chen\\AppData\\Local\\Temp\\rust_mozprofile.9AkHOj1pyh4d"
Unable to read VR Path Registry from C:\Users\chen\AppData\Local\openvr\openvrpaths.vrpath
1525397642794	Marionette	INFO	Enabled via --marionette
Unable to read VR Path Registry from C:\Users\chen\AppData\Local\openvr\openvrpaths.vrpath
Unable to read VR Path Registry from C:\Users\chen\AppData\Local\openvr\openvrpaths.vrpath
Unable to read VR Path Registry from C:\Users\chen\AppData\Local\openvr\openvrpaths.vrpath
Unable to read VR Path Registry from C:\Users\chen\AppData\Local\openvr\openvrpaths.vrpath
1525397646456	Marionette	INFO	Listening on port 5722
1525397646638	Marionette	WARN	TLS certificate errors will be ignored for this session
JavaScript error: chrome://browser/content/browser.js, line 6667: TypeError: cannot use the given object as a weak map key
[Child 4672, Chrome_ChildThread] WARNING: pipe error: 109: file z:/build/build/src/ipc/chromium/src/chrome/common/ipc_channel_win.cc, line 346
IPDL protocol error: Handler returned error code!

###!!! [Parent][DispatchAsyncMessage] Error: PLayerTransaction::Msg_ReleaseLayer Processing error: message was deserialized, but the handler returned false (indicating failure)

IPDL protocol error: Handler returned error code!

###!!! [Parent][DispatchAsyncMessage] Error: PLayerTransaction::Msg_ReleaseLayer Processing error: message was deserialized, but the handler returned false (indicating failure)

IPDL protocol error: Handler returned error code!

###!!! [Parent][DispatchAsyncMessage] Error: PLayerTransaction::Msg_ReleaseLayer Processing error: message was deserialized, but the handler returned false (indicating failure)

IPDL protocol error: Handler returned error code!

###!!! [Parent][DispatchAsyncMessage] Error: PLayerTransaction::Msg_ReleaseLayer Processing error: message was deserialized, but the handler returned false (indicating failure)

IPDL protocol error: Handler returned error code!

###!!! [Parent][DispatchAsyncMessage] Error: PLayerTransaction::Msg_ReleaseLayer Processing error: message was deserialized, but the handler returned false (indicating failure)

IPDL protocol error: Handler returned error code!

###!!! [Parent][DispatchAsyncMessage] Error: PLayerTransaction::Msg_ReleaseLayer Processing error: message was deserialized, but the handler returned false (indicating failure)

IPDL protocol error: Handler returned error code!

###!!! [Parent][DispatchAsyncMessage] Error: PLayerTransaction::Msg_ReleaseLayer Processing error: message was deserialized, but the handler returned false (indicating failure)

IPDL protocol error: Handler returned error code!

###!!! [Parent][DispatchAsyncMessage] Error: PLayerTransaction::Msg_ReleaseLayer Processing error: message was deserialized, but the handler returned false (indicating failure)

IPDL protocol error: Handler returned error code!

###!!! [Parent][DispatchAsyncMessage] Error: PLayerTransaction::Msg_ReleaseLayer Processing error: message was deserialized, but the handler returned false (indicating failure)

IPDL protocol error: Handler returned error code!

###!!! [Parent][DispatchAsyncMessage] Error: PLayerTransaction::Msg_ReleaseLayer Processing error: message was deserialized, but the handler returned false (indicating failure)

IPDL protocol error: Handler returned error code!

###!!! [Parent][DispatchAsyncMessage] Error: PLayerTransaction::Msg_ReleaseLayer Processing error: message was deserialized, but the handler returned false (indicating failure)

IPDL protocol error: Handler returned error code!

###!!! [Parent][DispatchAsyncMessage] Error: PLayerTransaction::Msg_ReleaseLayer Processing error: message was deserialized, but the handler returned false (indicating failure)

[Child 18140, Chrome_ChildThread] WARNING: pipe error: 109: file z:/build/build/src/ipc/chromium/src/chrome/common/ipc_channel_win.cc, line 346
[Parent 18132, Gecko_IOThread] WARNING: pipe error: 109: file z:/build/build/src/ipc/chromium/src/chrome/common/ipc_channel_win.cc, line 346
*** UTM:SVC TimerManager:registerTimer called after profile-before-change notification. Ignoring timer registration for id: telemetry_modules_ping

###!!! [Child][MessageChannel::SendAndWait] Error: Channel error: cannot send/recv

1525397711140	geckodriver	INFO	geckodriver 0.20.1
1525397711172	geckodriver	INFO	Listening on 127.0.0.1:5855
1525397713159	mozrunner::runner	INFO	Running command: "D:\\firefox\\firefox.exe" "-marionette" "-profile" "C:\\Users\\chen\\AppData\\Local\\Temp\\rust_mozprofile.ONN90roIYhQa"
Unable to read VR Path Registry from C:\Users\chen\AppData\Local\openvr\openvrpaths.vrpath
1525397714732	Marionette	INFO	Enabled via --marionette
Unable to read VR Path Registry from C:\Users\chen\AppData\Local\openvr\openvrpaths.vrpath
Unable to read VR Path Registry from C:\Users\chen\AppData\Local\openvr\openvrpaths.vrpath
Unable to read VR Path Registry from C:\Users\chen\AppData\Local\openvr\openvrpaths.vrpath
Unable to read VR Path Registry from C:\Users\chen\AppData\Local\openvr\openvrpaths.vrpath
1525397718346	Marionette	INFO	Listening on port 5863
1525397718642	Marionette	WARN	TLS certificate errors will be ignored for this session
[Parent 15104, Gecko_IOThread] WARNING: pipe error: 109: file z:/build/build/src/ipc/chromium/src/chrome/common/ipc_channel_win.cc, line 346
[Child 9232, Chrome_ChildThread] WARNING: pipe error: 109: file z:/build/build/src/ipc/chromium/src/chrome/common/ipc_channel_win.cc, line 346
[Child 9232, Chrome_Ch*** UTM:SVC TimerManager:registerTimer called after profile-before-change notification. Ignoring timer registration for id: telemetry_modules_ping

###!!! [Child][MessageChannel::SendAndWait] Error: Channel error: cannot send/recv

1525397872695	geckodriver	INFO	geckodriver 0.20.1
1525397872727	geckodriver	INFO	Listening on 127.0.0.1:6031
1525397874751	mozrunner::runner	INFO	Running command: "D:\\firefox\\firefox.exe" "-marionette" "-profile" "C:\\Users\\chen\\AppData\\Local\\Temp\\rust_mozprofile.OsJbYC6qmL8R"
Unable to read VR Path Registry from C:\Users\chen\AppData\Local\openvr\openvrpaths.vrpath
1525397876274	Marionette	INFO	Enabled via --marionette
Unable to read VR Path Registry from C:\Users\chen\AppData\Local\openvr\openvrpaths.vrpath
Unable to read VR Path Registry from C:\Users\chen\AppData\Local\openvr\openvrpaths.vrpath
Unable to read VR Path Registry from C:\Users\chen\AppData\Local\openvr\openvrpaths.vrpath
Unable to read VR Path Registry from C:\Users\chen\AppData\Local\openvr\openvrpaths.vrpath
1525397879966	Marionette	INFO	Listening on port 6038
1525397880326	Marionette	WARN	TLS certificate errors will be ignored for this session
[Parent 1552, Gecko_IOThread] WARNING: pipe error: 109: file z:/build/build/src/ipc/chromium/src/chrome/common/ipc_channel_win.cc, line 346
[Parent 1552, Gecko_IOThread] WARNING: pipe error: 109: file z:/build/build/src/ipc/chromium/src/chrome/common/ipc_channel_win.cc, line 346
[Child 1524, Chrome_ChildThread] WARNING: pipe error: 109: file z:/build/build/src/ipc/chromium/src/chrome/common/ipc_channel_win.cc, line 346
[Child 1524, Chrome_Child[Parent 1552, Gecko_IOThread] WARNING: pipe error: 109: file z:/build/build/src/ipc/chromium/src/chrome/common/ipc_channel_win.cc, line 346
*** UTM:SVC TimerManager:registerTimer called after profile-before-change notification. Ignoring timer registration for id: telemetry_modules_ping

###!!! [Child][MessageChannel::SendAndWait] Error: Channel error: cannot send/recv

1525397980061	geckodriver	INFO	geckodriver 0.20.1
1525397980083	geckodriver	INFO	Listening on 127.0.0.1:6134
1525397982115	mozrunner::runner	INFO	Running command: "D:\\firefox\\firefox.exe" "-marionette" "-profile" "C:\\Users\\chen\\AppData\\Local\\Temp\\rust_mozprofile.4k0MeQS46UOL"
Unable to read VR Path Registry from C:\Users\chen\AppData\Local\openvr\openvrpaths.vrpath
1525397983614	Marionette	INFO	Enabled via --marionette
Unable to read VR Path Registry from C:\Users\chen\AppData\Local\openvr\openvrpaths.vrpath
Unable to read VR Path Registry from C:\Users\chen\AppData\Local\openvr\openvrpaths.vrpath
Unable to read VR Path Registry from C:\Users\chen\AppData\Local\openvr\openvrpaths.vrpath
Unable to read VR Path Registry from C:\Users\chen\AppData\Local\openvr\openvrpaths.vrpath
1525397987274	Marionette	INFO	Listening on port 6141
1525397987542	Marionette	WARN	TLS certificate errors will be ignored for this session
[Child 6712, Chrome_ChildThread] WARNING: pipe error: 109: file z:/build/build/src/ipc/chromium/src/chrome/common/ipc_channel_win.cc, line 346
[Child 6712, Chrome_[Parent 16732, Gecko_IOThread] WARNING: pipe error: 109: file z:/build/build/src/ipc/chromium/src/chrome/common/ipc_channel_win.cc, line 346
[Parent 16732, Gecko_IOThread] WARNING: pipe error: 109: file z:/build/build/src/ipc/chromium/src/chrome/common/ipc_channel_win.cc, line 346
[Child 2532, Chrome_ChildThread] WARNING: pipe error: 109: file z:/build/build/src/ipc/chromium/src/chrome/common/ipc_channel_win.cc, line 346
[Child 2532, Ch*** UTM:SVC TimerManager:registerTimer called after profile-before-change notification. Ignoring timer registration for id: telemetry_modules_ping

###!!! [Child][MessageChannel::SendAndWait] Error: Channel error: cannot send/recv

1525398343056	geckodriver	INFO	geckodriver 0.20.1
1525398343093	geckodriver	INFO	Listening on 127.0.0.1:6458
1525398345077	mozrunner::runner	INFO	Running command: "D:\\firefox\\firefox.exe" "-marionette" "-profile" "C:\\Users\\chen\\AppData\\Local\\Temp\\rust_mozprofile.oql7l95TEjXp"
Unable to read VR Path Registry from C:\Users\chen\AppData\Local\openvr\openvrpaths.vrpath
1525398347238	Marionette	INFO	Enabled via --marionette
Unable to read VR Path Registry from C:\Users\chen\AppData\Local\openvr\openvrpaths.vrpath
Unable to read VR Path Registry from C:\Users\chen\AppData\Local\openvr\openvrpaths.vrpath
Unable to read VR Path Registry from C:\Users\chen\AppData\Local\openvr\openvrpaths.vrpath
1525398351112	Marionette	INFO	Listening on port 6464
1525398351706	Marionette	WARN	TLS certificate errors will be ignored for this session
Unable to read VR Path Registry from C:\Users\chen\AppData\Local\openvr\openvrpaths.vrpath
[Child 6176, Chrome_ChildThread] WARNING: pipe error: 109: file z:/build/build/src/ipc/chromium/src/chrome/common/ipc_channel_win.cc, line 346
[Child 6176, Chrome_ChildThread] WARNIN[Parent 3204, Gecko_IOThread] WARNING: pipe error: 109: file z:/build/build/src/ipc/chromium/src/chrome/common/ipc_channel_win.cc, line 346
[Child 720, Chrome_ChildThread] WARNING: pipe error: 109: file z:/build/build/src/ipc/chromium/src/chrome/common/ipc_channel_win.cc, line 346
[Child 720, Chrome_Chil[Parent 3204, Gecko_IOThread] WARNING: pipe error: 109: file z:/build/build/src/ipc/chromium/src/chrome/common/ipc_channel_win.cc, line 346
[Child 16324, Chrome_ChildThread] WARNING: pipe error: 109: file z:/build/build/src/ipc/chromium/src/chrome/common/ipc_channel_win.cc, line 346
[Child 16324, Chrome_ChildThread] WARNING: pipe error: 109: file z:/build/build/src/ipc/chromium/src/chrome/commo*** UTM:SVC TimerManager:registerTimer called after profile-before-change notification. Ignoring timer registration for id: telemetry_modules_ping

###!!! [Child][MessageChannel::SendAndWait] Error: Channel error: cannot send/recv

1525398427640	geckodriver	INFO	geckodriver 0.20.1
1525398427693	geckodriver	INFO	Listening on 127.0.0.1:6574
1525398429623	mozrunner::runner	INFO	Running command: "D:\\firefox\\firefox.exe" "-marionette" "-profile" "C:\\Users\\chen\\AppData\\Local\\Temp\\rust_mozprofile.LOhujuGEdiEo"
Unable to read VR Path Registry from C:\Users\chen\AppData\Local\openvr\openvrpaths.vrpath
1525398433138	Marionette	INFO	Enabled via --marionette
Unable to read VR Path Registry from C:\Users\chen\AppData\Local\openvr\openvrpaths.vrpath
Unable to read VR Path Registry from C:\Users\chen\AppData\Local\openvr\openvrpaths.vrpath
Unable to read VR Path Registry from C:\Users\chen\AppData\Local\openvr\openvrpaths.vrpath
Unable to read VR Path Registry from C:\Users\chen\AppData\Local\openvr\openvrpaths.vrpath
1525398437534	Marionette	INFO	Listening on port 6583
1525398437624	Marionette	WARN	TLS certificate errors will be ignored for this session
[Parent 13432, Gecko_IOThread] WARNING: pipe error: 109: file z:/build/build/src/ipc/chromium/src/chrome/common/ipc_channel_win.cc, line 346
[Child 9956, Chrome_ChildThread] WARNING: pipe error: 109: file z:/build/build/src/ipc/chromium/src/chrome/common/ipc_channel_win.cc, line 346
[Child 9956, Chrome_C[Child 6612, Chrome_ChildThread] WARNING: pipe error: 109: file z:/build/build/src/ipc/chromium/src/chrome/common/ipc_channel_win.cc, line 346
[Parent 13432, Gecko_IOThread] WARNING: pipe error: 109: file z:/build/build/src/ipc/chromium/src/chrome/common/ipc_channel_win.cc, line 346
*** UTM:SVC TimerManager:registerTimer called after profile-before-change notification. Ignoring timer registration for id: telemetry_modules_ping

###!!! [Child][MessageChannel::SendAndWait] Error: Channel error: cannot send/recv

1525399196718	geckodriver	INFO	geckodriver 0.20.1
1525399196750	geckodriver	INFO	Listening on 127.0.0.1:7731
1525399198738	mozrunner::runner	INFO	Running command: "D:\\firefox\\firefox.exe" "-marionette" "-profile" "C:\\Users\\chen\\AppData\\Local\\Temp\\rust_mozprofile.4gUrZ8QCVAIq"
Unable to read VR Path Registry from C:\Users\chen\AppData\Local\openvr\openvrpaths.vrpath
1525399200922	Marionette	INFO	Enabled via --marionette
Unable to read VR Path Registry from C:\Users\chen\AppData\Local\openvr\openvrpaths.vrpath
Unable to read VR Path Registry from C:\Users\chen\AppData\Local\openvr\openvrpaths.vrpath
Unable to read VR Path Registry from C:\Users\chen\AppData\Local\openvr\openvrpaths.vrpath
Unable to read VR Path Registry from C:\Users\chen\AppData\Local\openvr\openvrpaths.vrpath
1525399206386	Marionette	INFO	Listening on port 7739
1525399206756	Marionette	WARN	TLS certificate errors will be ignored for this session
JavaScript error: chrome://browser/content/browser.js, line 6667: TypeError: cannot use the given object as a weak map key
[Parent 32, Gecko_IOThread] WARNING: pipe error: 109: file z:/build/build/src/ipc/chromium/src/chrome/common/ipc_channel_win.cc, line 346
[Child 10992, Chrome_ChildThread] WARNING: pipe error: 109: file z:/build/build/src/ipc/chromium/src/chrome/common/ipc_channel_win.cc, line 346
[Child 10992, Chrome_ChildThread] WARNING: pipe error: 10[Parent 32, Gecko_IOThread] WARNING: pipe error: 109: file z:/build/build/src/ipc/chromium/src/chrome/common/ipc_channel_win.cc, line 346

###!!! [Child][MessageChannel] Error: (msgtype=0x2C00AF,name=PContent::Msg_ScriptError) Channel closing: too late to send/recv, messages will be lost

[Child 14860, Chrome_ChildThread] WARNING: pipe error: 109: file z:/build/build/src/ipc/chromium/src/chrome/common/ipc_channel_win.cc, line 346

###!!! [Child][MessageChannel] Error: (msgtype=0x8C0006,name=PWebSocket::Msg_DeleteSelf) Channel closing: too late to send/recv, messages will be lost

[Parent 32, Gecko_IOThread] WARNING: pipe error: 109: file z:/build/build/src/ipc/chromium/src/chrome/common/ipc_channel_win.cc, line 346
[Child 7204, Chrome_ChildThread] WARNING: pipe error: 109: file z:/build/build/src/ipc/chromium/src/chrome/common/ipc_channel_win.cc, line 346
[Child 7204, Chrome_ChildThread] WARNING: pipe error: 109: file z:/build/build/src/ipc/chro*** UTM:SVC TimerManager:registerTimer called after profile-before-change notification. Ignoring timer registration for id: telemetry_modules_ping

###!!! [Child][MessageChannel::SendAndWait] Error: Channel error: cannot send/recv

1525399384857	geckodriver	INFO	geckodriver 0.20.1
1525399384923	geckodriver	INFO	Listening on 127.0.0.1:8146
1525399386866	mozrunner::runner	INFO	Running command: "D:\\firefox\\firefox.exe" "-marionette" "-profile" "C:\\Users\\chen\\AppData\\Local\\Temp\\rust_mozprofile.3O7ov1lZZwSO"
Unable to read VR Path Registry from C:\Users\chen\AppData\Local\openvr\openvrpaths.vrpath
1525399388890	Marionette	INFO	Enabled via --marionette
Unable to read VR Path Registry from C:\Users\chen\AppData\Local\openvr\openvrpaths.vrpath
Unable to read VR Path Registry from C:\Users\chen\AppData\Local\openvr\openvrpaths.vrpath
Unable to read VR Path Registry from C:\Users\chen\AppData\Local\openvr\openvrpaths.vrpath
Unable to read VR Path Registry from C:\Users\chen\AppData\Local\openvr\openvrpaths.vrpath
1525399393788	Marionette	INFO	Listening on port 8157
1525399394672	Marionette	WARN	TLS certificate errors will be ignored for this session
[Parent 10000, Gecko_IOThread] WARNING: pipe error: 109: file z:/build/build/src/ipc/chromium/src/chrome/common/ipc_channel_win.cc, line 346
[Child 15576, Chrome_ChildThread] WARNING: pipe error: 109: file z:/build/build/src/ipc/chromium/src/chrome/common/ipc_channel_win.cc, line 346
[Child 15576, Chrome[Child 10980, Chrome_ChildThread] WARNING: pipe error: 109: file z:/build/build/src/ipc/chromium/src/chrome/common/ipc_channel_win.cc, line 346
[Parent 10000, Gecko_IOThread] WARNING: pipe error: 109: file z:/build/build/src/ipc/chromium/src/chrome/common/ipc_channel_win.cc, line 346
[Child 7772, Chrome_ChildThread] WARNING: pipe error: 109: file z:/build/build/src/ipc/chromium/src/chrome/common/ipc_channel_win.cc, line 346
[Child 7772, Chrome_ChildThread] WARNING: pipe error: 109: file z:/build/build/src/ipc/chromium/src/chrome/common/ipc_channel_win.cc, line 346

###!!! [Child][RunMessage] Error: Channel closing: too late to send/recv, messages will be lost


###!!! [Child][RunMessage] Error: Channel closing: too late to send/recv, messages will be lost


###!!! [Child][RunMessage] Error: Channel closing: too late to send/recv, messages will be lost

*** UTM:SVC TimerManager:registerTimer called after profile-before-change notification. Ignoring timer registration for id: telemetry_modules_ping
[GPU 12428, Chrome_ChildThread] WARNING: pipe error: 109: fil
###!!! [Child][MessageChannel::SendAndWait] Error: Channel error: cannot send/recv

1525399468591	geckodriver	INFO	geckodriver 0.20.1
1525399468626	geckodriver	INFO	Listening on 127.0.0.1:8403
1525399470615	mozrunner::runner	INFO	Running command: "D:\\firefox\\firefox.exe" "-marionette" "-profile" "C:\\Users\\chen\\AppData\\Local\\Temp\\rust_mozprofile.QLyBb81BQK0X"
Unable to read VR Path Registry from C:\Users\chen\AppData\Local\openvr\openvrpaths.vrpath
1525399472820	Marionette	INFO	Enabled via --marionette
Unable to read VR Path Registry from C:\Users\chen\AppData\Local\openvr\openvrpaths.vrpath
Unable to read VR Path Registry from C:\Users\chen\AppData\Local\openvr\openvrpaths.vrpath
Unable to read VR Path Registry from C:\Users\chen\AppData\Local\openvr\openvrpaths.vrpath
Unable to read VR Path Registry from C:\Users\chen\AppData\Local\openvr\openvrpaths.vrpath
1525399476964	Marionette	INFO	Listening on port 8411
1525399478156	Marionette	WARN	TLS certificate errors will be ignored for this session
[Parent 11960, Gecko_IOThread] WARNING: pipe error: 109: file z:/build/build/src/ipc/chromium/src/chrome/common/ipc_channel_win.cc, line 346
[Child 17708, Chrome_ChildThread] WARNING: pipe error: 109: file z:/build/build/src/ipc/chromium/src/chrome/common/ipc_channel_win.cc, line 346
[Child 17708, Chro[Parent 11960, Gecko_IOThread] WARNING: pipe error: 109: file z:/build/build/src/ipc/chromium/src/chrome/common/ipc_channel_win.cc, line 346
[Parent 11960, Gecko_IOThread] WARNING: pipe error: 109: file z:/build/build/src/ipc/chromium/src/chrome/common/ipc_channel_win.cc, line 346
*** UTM:SVC TimerManager:registerTimer called after profile-before-change notification. Ignoring timer registration for id: telemetry_modules_ping

###!!! [Child][MessageChannel::SendAndWait] Error: Channel error: cannot send/recv

1525399558263	geckodriver	INFO	geckodriver 0.20.1
1525399558293	geckodriver	INFO	Listening on 127.0.0.1:8653
1525399560288	mozrunner::runner	INFO	Running command: "D:\\firefox\\firefox.exe" "-marionette" "-profile" "C:\\Users\\chen\\AppData\\Local\\Temp\\rust_mozprofile.QUMQg4PF469V"
Unable to read VR Path Registry from C:\Users\chen\AppData\Local\openvr\openvrpaths.vrpath
1525399562340	Marionette	INFO	Enabled via --marionette
Unable to read VR Path Registry from C:\Users\chen\AppData\Local\openvr\openvrpaths.vrpath
Unable to read VR Path Registry from C:\Users\chen\AppData\Local\openvr\openvrpaths.vrpath
Unable to read VR Path Registry from C:\Users\chen\AppData\Local\openvr\openvrpaths.vrpath
1525399566362	Marionette	INFO	Listening on port 8663
Unable to read VR Path Registry from C:\Users\chen\AppData\Local\openvr\openvrpaths.vrpath
1525399566844	Marionette	WARN	TLS certificate errors will be ignored for this session
[Parent 17360, Gecko_IOThread] WARNING: pipe error: 109: file z:/build/build/src/ipc/chromium/src/chrome/common/ipc_channel_win.cc, line 346
[Child 5760, Chrome_ChildThread] WARNING: pipe error: 109: file z:/build/build/src/ipc/chromium/src/chrome/common/ipc_channel_win.cc, line 346
[Parent 17360, Gecko_IOThread] WARNING: pipe error: 109: file z:/build/build/src/ipc/chromium/src/chrome/common/ipc_channel_win.cc, line 346
[Child 13920, Chrome_ChildThread] WARNING: pipe error: 109: file z:/build/build/src/ipc/chromium/src/chrome/common/ipc_channel_win.cc, line 346
[Child 1*** UTM:SVC TimerManager:registerTimer called after profile-before-change notification. Ignoring timer registration for id: telemetry_modules_ping
1525399716842	geckodriver	INFO	geckodriver 0.20.1
1525399716872	geckodriver	INFO	Listening on 127.0.0.1:9005
1525399718866	mozrunner::runner	INFO	Running command: "D:\\firefox\\firefox.exe" "-marionette" "-profile" "C:\\Users\\chen\\AppData\\Local\\Temp\\rust_mozprofile.UgcvZGPuuvbZ"
Unable to read VR Path Registry from C:\Users\chen\AppData\Local\openvr\openvrpaths.vrpath
1525399720728	Marionette	INFO	Enabled via --marionette
Unable to read VR Path Registry from C:\Users\chen\AppData\Local\openvr\openvrpaths.vrpath
Unable to read VR Path Registry from C:\Users\chen\AppData\Local\openvr\openvrpaths.vrpath
Unable to read VR Path Registry from C:\Users\chen\AppData\Local\openvr\openvrpaths.vrpath
1525399724676	Marionette	INFO	Listening on port 9015
Unable to read VR Path Registry from C:\Users\chen\AppData\Local\openvr\openvrpaths.vrpath
1525399725226	Marionette	WARN	TLS certificate errors will be ignored for this session
[Parent 12140, Gecko_IOThread] WARNING: pipe error: 109: file z:/build/build/src/ipc/chromium/src/chrome/common/ipc_channel_win.cc, line 346
[Child 11244, Chrome_ChildThread] WARNING: pipe error: 109: file z:/build/build/src/ipc/chromium/src/chrome/common/ipc_channel_win.cc, line 346
[Child 11244, Chrome_Ch[Parent 12140, Gecko_IOThread] WARNING: pipe error: 109: file z:/build/build/src/ipc/chromium/src/chrome/common/ipc_channel_win.cc, line 346
[Child 14140, Chrome_ChildThread] WARNING: pipe error: 109: file z:/build/build/src/ipc/chromium/src/chrome/common/ipc_channel_win.cc, line 346
[Child 14140, Chro*** UTM:SVC TimerManager:registerTimer called after profile-before-change notification. Ignoring timer registration for id: telemetry_modules_ping

###!!! [Child][MessageChannel::SendAndWait] Error: Channel error: cannot send/recv

1525399865466	geckodriver	INFO	geckodriver 0.20.1
1525399865503	geckodriver	INFO	Listening on 127.0.0.1:9236
1525399867489	mozrunner::runner	INFO	Running command: "D:\\firefox\\firefox.exe" "-marionette" "-profile" "C:\\Users\\chen\\AppData\\Local\\Temp\\rust_mozprofile.NxoiBUqiCsBi"
Unable to read VR Path Registry from C:\Users\chen\AppData\Local\openvr\openvrpaths.vrpath
1525399869204	Marionette	INFO	Enabled via --marionette
Unable to read VR Path Registry from C:\Users\chen\AppData\Local\openvr\openvrpaths.vrpath
Unable to read VR Path Registry from C:\Users\chen\AppData\Local\openvr\openvrpaths.vrpath
Unable to read VR Path Registry from C:\Users\chen\AppData\Local\openvr\openvrpaths.vrpath
Unable to read VR Path Registry from C:\Users\chen\AppData\Local\openvr\openvrpaths.vrpath
1525399873590	Marionette	INFO	Listening on port 9242
1525399873918	Marionette	WARN	TLS certificate errors will be ignored for this session
[Parent 14224, Gecko_IOThread] WARNING: pipe error: 109: file z:/build/build/src/ipc/chromium/src/chrome/common/ipc_channel_win.cc, line 346
[Child 14420, Chrome_ChildThread] WARNING: pipe error: 109: file z:/build/build/src/ipc/chromium/src/chrome/common/ipc_channel_win.cc, line 346
IPDL protocol error: Handler returned error code!

###!!! [Parent][DispatchAsyncMessage] Error: PLayerTransaction::Msg_ReleaseLayer Processing error: message was deserialized, but the handler returned false (indicating failure)

IPDL protocol error: Handler returned error code!

###!!! [Parent][DispatchAsyncMessage] Error: PLayerTransaction::Msg_ReleaseLayer Processing error: message was deserialized, but the handler returned false (indicating failure)

IPDL protocol error: Handler returned error code!

###!!! [Parent][DispatchAsyncMessage] Error: PLayerTransaction::Msg_ReleaseLayer Processing error: message was deserialized, but the handler returned false (indicating failure)

[Child 788, Chrome_ChildThread] WARNING: pipe error: 109: file z:/build/build/src/ipc/chromium/src/chrome/common/ipc_channel_win.cc, line 346

###!!! [Child][RunMessage] Error: Channel closing: too late to send/recv, messages will be lost

*** UTM:SVC TimerManager:registerTimer called after profile-before-change notification. Ignoring timer registration for id: telemetry_modules_ping

###!!! [Child][MessageChannel::SendAndWait] Error: Channel error: cannot send/recv

1525438955340	geckodriver	INFO	geckodriver 0.20.1
1525438955375	geckodriver	INFO	Listening on 127.0.0.1:6947
1525438957355	mozrunner::runner	INFO	Running command: "D:\\firefox\\firefox.exe" "-marionette" "-profile" "C:\\Users\\chen\\AppData\\Local\\Temp\\rust_mozprofile.WWDu3D5E2kv9"
Unable to read VR Path Registry from C:\Users\chen\AppData\Local\openvr\openvrpaths.vrpath
1525438960446	Marionette	INFO	Enabled via --marionette
Unable to read VR Path Registry from C:\Users\chen\AppData\Local\openvr\openvrpaths.vrpath
Unable to read VR Path Registry from C:\Users\chen\AppData\Local\openvr\openvrpaths.vrpath
Unable to read VR Path Registry from C:\Users\chen\AppData\Local\openvr\openvrpaths.vrpath
Unable to read VR Path Registry from C:\Users\chen\AppData\Local\openvr\openvrpaths.vrpath
1525438965950	Marionette	INFO	Listening on port 6953
1525438966508	Marionette	WARN	TLS certificate errors will be ignored for this session
JavaScript error: chrome://browser/content/browser.js, line 6667: TypeError: cannot use the given object as a weak map key
[Parent 14160, Gecko_IOThread] WARNING: pipe error: 109: file z:/build/build/src/ipc/chromium/src/chrome/common/ipc_channel_win.cc, line 346
[Child 18024, Chrome_ChildThread] WARNING: pipe error: 109: file z:/build/build/src/ipc/chromium/src/chrome/common/ipc_channel_win.cc, line 346
[Child 18024, Chrome_ChildThread] WARNINIPDL protocol error: Handler returned error code!

###!!! [Parent][DispatchAsyncMessage] Error: PLayerTransaction::Msg_ReleaseLayer Processing error: message was deserialized, but the handler returned false (indicating failure)

IPDL protocol error: Handler returned error code!

###!!! [Parent][DispatchAsyncMessage] Error: PLayerTransaction::Msg_ReleaseLayer Processing error: message was deserialized, but the handler returned false (indicating failure)

IPDL protocol error: Handler returned error code!

###!!! [Parent][DispatchAsyncMessage] Error: PLayerTransaction::Msg_ReleaseLayer Processing error: message was deserialized, but the handler returned false (indicating failure)

IPDL protocol error: Handler returned error code!

###!!! [Parent][DispatchAsyncMessage] Error: PLayerTransaction::Msg_ReleaseLayer Processing error: message was deserialized, but the handler returned false (indicating failure)

IPDL protocol error: Handler returned error code!

###!!! [Parent][DispatchAsyncMessage] Error: PLayerTransaction::Msg_ReleaseLayer Processing error: message was deserialized, but the handler returned false (indicating failure)

IPDL protocol error: Handler returned error code!

###!!! [Parent][DispatchAsyncMessage] Error: PLayerTransaction::Msg_ReleaseLayer Processing error: message was deserialized, but the handler returned false (indicating failure)

IPDL protocol error: Handler returned error code!

###!!! [Parent][DispatchAsyncMessage] Error: PLayerTransaction::Msg_ReleaseLayer Processing error: message was deserialized, but the handler returned false (indicating failure)

IPDL protocol error: Handler returned error code!

###!!! [Parent][DispatchAsyncMessage] Error: PLayerTransaction::Msg_ReleaseLayer Processing error: message was deserialized, but the handler returned false (indicating failure)

IPDL protocol error: Handler returned error code!

###!!! [Parent][DispatchAsyncMessage] Error: PLayerTransaction::Msg_ReleaseLayer Processing error: message was deserialized, but the handler returned false (indicating failure)

IPDL protocol error: Handler returned error code!

###!!! [Parent][DispatchAsyncMessage] Error: PLayerTransaction::Msg_ReleaseLayer Processing error: message was deserialized, but the handler returned false (indicating failure)

IPDL protocol error: Handler returned error code!

###!!! [Parent][DispatchAsyncMessage] Error: PLayerTransaction::Msg_ReleaseLayer Processing error: message was deserialized, but the handler returned false (indicating failure)

IPDL protocol error: Handler returned error code!

###!!! [Parent][DispatchAsyncMessage] Error: PLayerTransaction::Msg_ReleaseLayer Processing error: message was deserialized, but the handler returned false (indicating failure)

IPDL protocol error: Handler returned error code!

###!!! [Parent][DispatchAsyncMessage] Error: PLayerTransaction::Msg_ReleaseLayer Processing error: message was deserialized, but the handler returned false (indicating failure)

IPDL protocol error: Handler returned error code!

###!!! [Parent][DispatchAsyncMessage] Error: PLayerTransaction::Msg_ReleaseLayer Processing error: message was deserialized, but the handler returned false (indicating failure)

IPDL protocol error: Handler returned error code!

###!!! [Parent][DispatchAsyncMessage] Error: PLayerTransaction::Msg_ReleaseLayer Processing error: message was deserialized, but the handler returned false (indicating failure)

IPDL protocol error: Handler returned error code!

###!!! [Parent][DispatchAsyncMessage] Error: PLayerTransaction::Msg_ReleaseLayer Processing error: message was deserialized, but the handler returned false (indicating failure)


###!!! [Child][MessageChannel] Error: (msgtype=0x2C00AF,name=PContent::Msg_ScriptError) Channel closing: too late to send/recv, messages will be lost


###!!! [Child][MessageChannel] Error: (msgtype=0x8C0006,name=PWebSocket::Msg_DeleteSelf) Channel closing: too late to send/recv, messages will be lost

[Child 10820, Chrome_ChildThread] WARNING: pipe error: 109: file z:/build/build/src/ipc/chromium/src/chrome/common/ipc_channel_win.cc, line 346
[Parent 14160, Gecko_IOThread] WARNING: pipe error: 109: file z:/build/build/src/ipc/chromium/src/chrome/common/ipc_channel_win.cc, line 346
*** UTM:SVC TimerManager:registerTimer called after profile-before-change notification. Ignoring timer registration for id: telemetry_modules_ping

###!!! [Child][MessageChannel::SendAndWait] Error: Channel error: cannot send/recv

1525439101530	geckodriver	INFO	geckodriver 0.20.1
1525439101566	geckodriver	INFO	Listening on 127.0.0.1:7257
1525439103532	mozrunner::runner	INFO	Running command: "D:\\firefox\\firefox.exe" "-marionette" "-profile" "C:\\Users\\chen\\AppData\\Local\\Temp\\rust_mozprofile.wimuDSbuqPbE"
Unable to read VR Path Registry from C:\Users\chen\AppData\Local\openvr\openvrpaths.vrpath
1525439105742	Marionette	INFO	Enabled via --marionette
Unable to read VR Path Registry from C:\Users\chen\AppData\Local\openvr\openvrpaths.vrpath
Unable to read VR Path Registry from C:\Users\chen\AppData\Local\openvr\openvrpaths.vrpath
Unable to read VR Path Registry from C:\Users\chen\AppData\Local\openvr\openvrpaths.vrpath
1525439110892	Marionette	INFO	Listening on port 7263
1525439111856	Marionette	WARN	TLS certificate errors will be ignored for this session
Unable to read VR Path Registry from C:\Users\chen\AppData\Local\openvr\openvrpaths.vrpath
[Parent 18028, Gecko_IOThread] WARNING: pipe error: 109: file z:/build/build/src/ipc/chromium/src/chrome/common/ipc_channel_win.cc, line 346
[Child 15964, Chrome_ChildThread] WARNING: pipe error: 109: file z:/build/build/src/ipc/chromium/src/chrome/common/ipc_channel_win.cc, line 346
[Child 15964, Chrome_[Child 11604, Chrome_ChildThread] WARNING: pipe error: 109: file z:/build/build/src/ipc/chromium/src/chrome/common/ipc_channel_win.cc, line 346
[Child 11604, Chrome_ChildThread] WARNING: pipe error: 109: file z:/build/build/src/ipc/chromium/src/chrome/common/ipc_channel_win.cc, line 346
[Parent 18028, Gecko_IOThread] WARNING: pipe error: 109: file z:/build/build/src/ipc/chromium/src/chrome/common/ipc_channel_win.cc, line 346
[Child 18304, Chrome_ChildThread] WARNING*** UTM:SVC TimerManager:registerTimer called after profile-before-change notification. Ignoring timer registration for id: telemetry_modules_ping

###!!! [Child][MessageChannel::SendAndWait] Error: Channel error: cannot send/recv

1525439254725	geckodriver	INFO	geckodriver 0.20.1
1525439254754	geckodriver	INFO	Listening on 127.0.0.1:7545
1525439256755	mozrunner::runner	INFO	Running command: "D:\\firefox\\firefox.exe" "-marionette" "-profile" "C:\\Users\\chen\\AppData\\Local\\Temp\\rust_mozprofile.pDIwJLQDuxkA"
Unable to read VR Path Registry from C:\Users\chen\AppData\Local\openvr\openvrpaths.vrpath
1525439259494	Marionette	INFO	Enabled via --marionette
Unable to read VR Path Registry from C:\Users\chen\AppData\Local\openvr\openvrpaths.vrpath
Unable to read VR Path Registry from C:\Users\chen\AppData\Local\openvr\openvrpaths.vrpath
Unable to read VR Path Registry from C:\Users\chen\AppData\Local\openvr\openvrpaths.vrpath
Unable to read VR Path Registry from C:\Users\chen\AppData\Local\openvr\openvrpaths.vrpath
1525439264144	Marionette	INFO	Listening on port 7551
1525439264364	Marionette	WARN	TLS certificate errors will be ignored for this session
JavaScript error: chrome://browser/content/browser.js, line 6667: TypeError: cannot use the given object as a weak map key
[Parent 8020, Gecko_IOThread] WARNING: pipe error: 109: file z:/build/build/src/ipc/chromium/src/chrome/common/ipc_channel_win.cc, line 346
[Child 15964, Chrome_ChildThread] WARNING: pipe error: 109: file z:/build/build/src/ipc/chromium/src/chrome/common/ipc_channel_win.cc, line 346
[Child 15964, Chrome_ChildThread] WARNING: pipe error: 109: fIPDL protocol error: Handler returned error code!

###!!! [Parent][DispatchAsyncMessage] Error: PLayerTransaction::Msg_ReleaseLayer Processing error: message was deserialized, but the handler returned false (indicating failure)

IPDL protocol error: Handler returned error code!

###!!! [Parent][DispatchAsyncMessage] Error: PLayerTransaction::Msg_ReleaseLayer Processing error: message was deserialized, but the handler returned false (indicating failure)

IPDL protocol error: Handler returned error code!

###!!! [Parent][DispatchAsyncMessage] Error: PLayerTransaction::Msg_ReleaseLayer Processing error: message was deserialized, but the handler returned false (indicating failure)

IPDL protocol error: Handler returned error code!

###!!! [Parent][DispatchAsyncMessage] Error: PLayerTransaction::Msg_ReleaseLayer Processing error: message was deserialized, but the handler returned false (indicating failure)

IPDL protocol error: Handler returned error code!

###!!! [Parent][DispatchAsyncMessage] Error: PLayerTransaction::Msg_ReleaseLayer Processing error: message was deserialized, but the handler returned false (indicating failure)

IPDL protocol error: Handler returned error code!

###!!! [Parent][DispatchAsyncMessage] Error: PLayerTransaction::Msg_ReleaseLayer Processing error: message was deserialized, but the handler returned false (indicating failure)

IPDL protocol error: Handler returned error code!

###!!! [Parent][DispatchAsyncMessage] Error: PLayerTransaction::Msg_ReleaseLayer Processing error: message was deserialized, but the handler returned false (indicating failure)

IPDL protocol error: Handler returned error code!

###!!! [Parent][DispatchAsyncMessage] Error: PLayerTransaction::Msg_ReleaseLayer Processing error: message was deserialized, but the handler returned false (indicating failure)

IPDL protocol error: Handler returned error code!

###!!! [Parent][DispatchAsyncMessage] Error: PLayerTransaction::Msg_ReleaseLayer Processing error: message was deserialized, but the handler returned false (indicating failure)

IPDL protocol error: Handler returned error code!

###!!! [Parent][DispatchAsyncMessage] Error: PLayerTransaction::Msg_ReleaseLayer Processing error: message was deserialized, but the handler returned false (indicating failure)

IPDL protocol error: Handler returned error code!

###!!! [Parent][DispatchAsyncMessage] Error: PLayerTransaction::Msg_ReleaseLayer Processing error: message was deserialized, but the handler returned false (indicating failure)

IPDL protocol error: Handler returned error code!

###!!! [Parent][DispatchAsyncMessage] Error: PLayerTransaction::Msg_ReleaseLayer Processing error: message was deserialized, but the handler returned false (indicating failure)

[Parent 8020, Gecko_IOThread] WARNING: pipe error: 109: file z:/build/build/src/ipc/chromium/src/chrome/common/ipc_channel_win.cc, line 346
[Child 18312, Chrome_ChildThread] WARNING: pipe error: 109: file z:/build/build/src/ipc/chromium/src/chrome/common/ipc_channel_win.cc, line 346
[Child 18312, Chrome_ChildThread] WARNING: pipe error: 109: file z:/build/build/[Parent 8020, Gecko_IOThread] WARNING: pipe error: 109: file z:/build/build/src/ipc/chromium/src/chrome/common/ipc_channel_win.cc, line 346
[Child 5980, Chrome_ChildThread] WARNING: pipe error: 109: file z:/build/build/src/ipc/chromium/src/chrome/common/ipc_channel_win.cc, line 346
[Child 5980, Chrome_ChildT*** UTM:SVC TimerManager:registerTimer called after profile-before-change notification. Ignoring timer registration for id: telemetry_modules_ping

###!!! [Child][MessageChannel::SendAndWait] Error: Channel error: cannot send/recv

1525483672994	geckodriver	INFO	geckodriver 0.20.1
1525483673140	geckodriver	INFO	Listening on 127.0.0.1:10304
1525483675182	mozrunner::runner	INFO	Running command: "D:\\firefox\\firefox.exe" "-marionette" "-profile" "C:\\Users\\chen\\AppData\\Local\\Temp\\rust_mozprofile.AAf2FSUOr7gw"
Unable to read VR Path Registry from C:\Users\chen\AppData\Local\openvr\openvrpaths.vrpath
1525483680194	Marionette	INFO	Enabled via --marionette
Unable to read VR Path Registry from C:\Users\chen\AppData\Local\openvr\openvrpaths.vrpath
Unable to read VR Path Registry from C:\Users\chen\AppData\Local\openvr\openvrpaths.vrpath
Unable to read VR Path Registry from C:\Users\chen\AppData\Local\openvr\openvrpaths.vrpath
Unable to read VR Path Registry from C:\Users\chen\AppData\Local\openvr\openvrpaths.vrpath
1525483685724	Marionette	INFO	Listening on port 10311
1525483686420	Marionette	WARN	TLS certificate errors will be ignored for this session
JavaScript error: chrome://browser/content/browser.js, line 6667: TypeError: cannot use the given object as a weak map key
[Parent 672, Gecko_IOThread] WARNING: pipe error: 109: file z:/build/build/src/ipc/chromium/src/chrome/common/ipc_channel_win.cc, line 346
IPDL protocol error: Handler returned error code!

###!!! [Parent][DispatchAsyncMessage] Error: PLayerTransaction::Msg_ReleaseLayer Processing error: message was deserialized, but the handler returned false (indicating failure)

IPDL protocol error: Handler returned error code!

###!!! [Parent][DispatchAsyncMessage] Error: PLayerTransaction::Msg_ReleaseLayer Processing error: message was deserialized, but the handler returned false (indicating failure)

IPDL protocol error: Handler returned error code!

###!!! [Parent][DispatchAsyncMessage] Error: PLayerTransaction::Msg_ReleaseLayer Processing error: message was deserialized, but the handler returned false (indicating failure)

[Parent 672, Gecko_IOThread] WARNING: pipe error: 109: file z:/build/build/src/ipc/chromium/src/chrome/common/ipc_channel_win.cc, line 346

###!!! [Child][MessageChannel] Error: (msgtype=0x47000E,name=PHttpChannel::Msg_DeletingChannel) Channel closing: too late to send/recv, messages will be lost

[Parent 672, Gecko_IOThread] WARNING: pipe error: 109: file z:/build/build/src/ipc/chromium/src/chrome/common/ipc_channel_win.cc, line 346
[Child 14016, Chrome_ChildThread] WARNING: pipe error: 109: file z:/build/build/src/ipc/chromium/src/chrome/common/ipc_channel_win.cc, line 346
[Child 14016, Chrome_ChildThread] *** UTM:SVC TimerManager:registerTimer called after profile-before-change notification. Ignoring timer registration for id: telemetry_modules_ping
[Parent 672, Gecko_IOThread] WARNING: pipe error: 232: file z:/build/build/src/ipc/chromium/src/chrome/common/ipc_channel_win.cc, line 513
1526888951411	geckodriver	INFO	geckodriver 0.20.1
1526888951539	geckodriver	INFO	Listening on 127.0.0.1:13749
1526888953435	mozrunner::runner	INFO	Running command: "D:\\firefox\\firefox.exe" "-marionette" "-profile" "C:\\Users\\chen\\AppData\\Local\\Temp\\rust_mozprofile.YCRzi6lbnoZu"
Unable to read VR Path Registry from C:\Users\chen\AppData\Local\openvr\openvrpaths.vrpath
1526888956112	Marionette	INFO	Enabled via --marionette
Unable to read VR Path Registry from C:\Users\chen\AppData\Local\openvr\openvrpaths.vrpath
Unable to read VR Path Registry from C:\Users\chen\AppData\Local\openvr\openvrpaths.vrpath
1526888960792	Marionette	INFO	Listening on port 13755
1526888961420	Marionette	WARN	TLS certificate errors will be ignored for this session
Unable to read VR Path Registry from C:\Users\chen\AppData\Local\openvr\openvrpaths.vrpath
Unable to read VR Path Registry from C:\Users\chen\AppData\Local\openvr\openvrpaths.vrpath
JavaScript error: chrome://browser/content/browser.js, line 6667: TypeError: cannot use the given object as a weak map key
[Parent 8144, Gecko_IOThread] WARNING: pipe error: 109: file z:/build/build/src/ipc/chromium/src/chrome/common/ipc_channel_win.cc, line 346
[Child 27928, Chrome_ChildThread] WARNING: pipe error: 109: file z:/build/build/src/ipc/chromium/src/chrome/common/ipc_channel_win.cc, line 346
IPDL protocol error: Handler returned error code!

###!!! [Parent][DispatchAsyncMessage] Error: PLayerTransaction::Msg_ReleaseLayer Processing error: message was deserialized, but the handler returned false (indicating failure)

IPDL protocol error: Handler returned error code!

###!!! [Parent][DispatchAsyncMessage] Error: PLayerTransaction::Msg_ReleaseLayer Processing error: message was deserialized, but the handler returned false (indicating failure)

IPDL protocol error: Handler returned error code!

###!!! [Parent][DispatchAsyncMessage] Error: PLayerTransaction::Msg_ReleaseLayer Processing error: message was deserialized, but the handler returned false (indicating failure)

IPDL protocol error: Handler returned error code!

###!!! [Parent][DispatchAsyncMessage] Error: PLayerTransaction::Msg_ReleaseLayer Processing error: message was deserialized, but the handler returned false (indicating failure)

IPDL protocol error: Handler returned error code!

###!!! [Parent][DispatchAsyncMessage] Error: PLayerTransaction::Msg_ReleaseLayer Processing error: message was deserialized, but the handler returned false (indicating failure)

IPDL protocol error: Handler returned error code!

###!!! [Parent][DispatchAsyncMessage] Error: PLayerTransaction::Msg_ReleaseLayer Processing error: message was deserialized, but the handler returned false (indicating failure)

IPDL protocol error: Handler returned error code!

###!!! [Parent][DispatchAsyncMessage] Error: PLayerTransaction::Msg_ReleaseLayer Processing error: message was deserialized, but the handler returned false (indicating failure)

IPDL protocol error: Handler returned error code!

###!!! [Parent][DispatchAsyncMessage] Error: PLayerTransaction::Msg_ReleaseLayer Processing error: message was deserialized, but the handler returned false (indicating failure)

IPDL protocol error: Handler returned error code!

###!!! [Parent][DispatchAsyncMessage] Error: PLayerTransaction::Msg_ReleaseLayer Processing error: message was deserialized, but the handler returned false (indicating failure)

IPDL protocol error: Handler returned error code!

###!!! [Parent][DispatchAsyncMessage] Error: PLayerTransaction::Msg_ReleaseLayer Processing error: message was deserialized, but the handler returned false (indicating failure)

IPDL protocol error: Handler returned error code!

###!!! [Parent][DispatchAsyncMessage] Error: PLayerTransaction::Msg_ReleaseLayer Processing error: message was deserialized, but the handler returned false (indicating failure)

IPDL protocol error: Handler returned error code!

###!!! [Parent][DispatchAsyncMessage] Error: PLayerTransaction::Msg_ReleaseLayer Processing error: message was deserialized, but the handler returned false (indicating failure)

IPDL protocol error: Handler returned error code!

###!!! [Parent][DispatchAsyncMessage] Error: PLayerTransaction::Msg_ReleaseLayer Processing error: message was deserialized, but the handler returned false (indicating failure)

IPDL protocol error: Handler returned error code!

###!!! [Parent][DispatchAsyncMessage] Error: PLayerTransaction::Msg_ReleaseLayer Processing error: message was deserialized, but the handler returned false (indicating failure)

IPDL protocol error: Handler returned error code!

###!!! [Parent][DispatchAsyncMessage] Error: PLayerTransaction::Msg_ReleaseLayer Processing error: message was deserialized, but the handler returned false (indicating failure)

IPDL protocol error: Handler returned error code!

###!!! [Parent][DispatchAsyncMessage] Error: PLayerTransaction::Msg_ReleaseLayer Processing error: message was deserialized, but the handler returned false (indicating failure)

IPDL protocol error: Handler returned error code!

###!!! [Parent][DispatchAsyncMessage] Error: PLayerTransaction::Msg_ReleaseLayer Processing error: message was deserialized, but the handler returned false (indicating failure)

IPDL protocol error: Handler returned error code!

###!!! [Parent][DispatchAsyncMessage] Error: PLayerTransaction::Msg_ReleaseLayer Processing error: message was deserialized, but the handler returned false (indicating failure)

IPDL protocol error: Handler returned error code!

###!!! [Parent][DispatchAsyncMessage] Error: PLayerTransaction::Msg_ReleaseLayer Processing error: message was deserialized, but the handler returned false (indicating failure)

IPDL protocol error: Handler returned error code!

###!!! [Parent][DispatchAsyncMessage] Error: PLayerTransaction::Msg_ReleaseLayer Processing error: message was deserialized, but the handler returned false (indicating failure)

IPDL protocol error: Handler returned error code!

###!!! [Parent][DispatchAsyncMessage] Error: PLayerTransaction::Msg_ReleaseLayer Processing error: message was deserialized, but the handler returned false (indicating failure)

IPDL protocol error: Handler returned error code!

###!!! [Parent][DispatchAsyncMessage] Error: PLayerTransaction::Msg_ReleaseLayer Processing error: message was deserialized, but the handler returned false (indicating failure)

IPDL protocol error: Handler returned error code!

###!!! [Parent][DispatchAsyncMessage] Error: PLayerTransaction::Msg_ReleaseLayer Processing error: message was deserialized, but the handler returned false (indicating failure)

IPDL protocol error: Handler returned error code!

###!!! [Parent][DispatchAsyncMessage] Error: PLayerTransaction::Msg_ReleaseLayer Processing error: message was deserialized, but the handler returned false (indicating failure)

IPDL protocol error: Handler returned error code!

###!!! [Parent][DispatchAsyncMessage] Error: PLayerTransaction::Msg_ReleaseLayer Processing error: message was deserialized, but the handler returned false (indicating failure)

IPDL protocol error: Handler returned error code!

###!!! [Parent][DispatchAsyncMessage] Error: PLayerTransaction::Msg_ReleaseLayer Processing error: message was deserialized, but the handler returned false (indicating failure)

IPDL protocol error: Handler returned error code!

###!!! [Parent][DispatchAsyncMessage] Error: PLayerTransaction::Msg_ReleaseLayer Processing error: message was deserialized, but the handler returned false (indicating failure)

IPDL protocol error: Handler returned error code!

###!!! [Parent][DispatchAsyncMessage] Error: PLayerTransaction::Msg_ReleaseLayer Processing error: message was deserialized, but the handler returned false (indicating failure)

IPDL protocol error: Handler returned error code!

###!!! [Parent][DispatchAsyncMessage] Error: PLayerTransaction::Msg_ReleaseLayer Processing error: message was deserialized, but the handler returned false (indicating failure)

IPDL protocol error: Handler returned error code!

###!!! [Parent][DispatchAsyncMessage] Error: PLayerTransaction::Msg_ReleaseLayer Processing error: message was deserialized, but the handler returned false (indicating failure)

IPDL protocol error: Handler returned error code!

###!!! [Parent][DispatchAsyncMessage] Error: PLayerTransaction::Msg_ReleaseLayer Processing error: message was deserialized, but the handler returned false (indicating failure)

IPDL protocol error: Handler returned error code!

###!!! [Parent][DispatchAsyncMessage] Error: PLayerTransaction::Msg_ReleaseLayer Processing error: message was deserialized, but the handler returned false (indicating failure)

IPDL protocol error: Handler returned error code!

###!!! [Parent][DispatchAsyncMessage] Error: PLayerTransaction::Msg_ReleaseLayer Processing error: message was deserialized, but the handler returned false (indicating failure)

IPDL protocol error: Handler returned error code!

###!!! [Parent][DispatchAsyncMessage] Error: PLayerTransaction::Msg_ReleaseLayer Processing error: message was deserialized, but the handler returned false (indicating failure)

IPDL protocol error: Handler returned error code!

###!!! [Parent][DispatchAsyncMessage] Error: PLayerTransaction::Msg_ReleaseLayer Processing error: message was deserialized, but the handler returned false (indicating failure)

IPDL protocol error: Handler returned error code!

###!!! [Parent][DispatchAsyncMessage] Error: PLayerTransaction::Msg_ReleaseLayer Processing error: message was deserialized, but the handler returned false (indicating failure)

[Parent 8144, Gecko_IOThread] WARNING: pipe error: 109: file z:/build/build/src/ipc/chromium/src/chrome/common/ipc_channel_win.cc, line 346
*** UTM:SVC TimerManager:registerTimer called after profile-before-change notification. Ignoring timer registration for id: telemetry_modules_ping

###!!! [Child][MessageChannel::SendAndWait] Error: Channel error: cannot send/recv

